{"/home/iannacus/Documentos/proyectos/gen 27/chat-api/src/app.js": {"path":"/home/iannacus/Documentos/proyectos/gen 27/chat-api/src/app.js","statementMap":{"0":{"start":{"line":2,"column":13},"end":{"line":2,"column":33}},"1":{"start":{"line":3,"column":16},"end":{"line":3,"column":34}},"2":{"start":{"line":4,"column":15},"end":{"line":4,"column":32}},"3":{"start":{"line":5,"column":13},"end":{"line":5,"column":28}},"4":{"start":{"line":6,"column":20},"end":{"line":6,"column":52}},"5":{"start":{"line":7,"column":20},"end":{"line":7,"column":52}},"6":{"start":{"line":9,"column":12},"end":{"line":9,"column":21}},"7":{"start":{"line":11,"column":0},"end":{"line":11,"column":16}},"8":{"start":{"line":12,"column":0},"end":{"line":12,"column":24}},"9":{"start":{"line":13,"column":0},"end":{"line":13,"column":24}},"10":{"start":{"line":15,"column":0},"end":{"line":15,"column":70}},"11":{"start":{"line":17,"column":0},"end":{"line":19,"column":3}},"12":{"start":{"line":18,"column":2},"end":{"line":18,"column":17}},"13":{"start":{"line":21,"column":0},"end":{"line":21,"column":17}},"14":{"start":{"line":22,"column":0},"end":{"line":22,"column":17}},"15":{"start":{"line":24,"column":0},"end":{"line":24,"column":21}}},"fnMap":{"0":{"name":"(anonymous_0)","decl":{"start":{"line":17,"column":13},"end":{"line":17,"column":14}},"loc":{"start":{"line":17,"column":27},"end":{"line":19,"column":1}},"line":17}},"branchMap":{},"s":{"0":1,"1":1,"2":1,"3":1,"4":1,"5":1,"6":1,"7":1,"8":1,"9":1,"10":1,"11":1,"12":0,"13":1,"14":1,"15":1},"f":{"0":0},"b":{},"_coverageSchema":"1a1c01bbd47fc00a2c39e90264f33305004495a9","hash":"1486eabe7cd00cd2c6214e337d9fbda3e38d495c"}
,"/home/iannacus/Documentos/proyectos/gen 27/chat-api/src/server.js": {"path":"/home/iannacus/Documentos/proyectos/gen 27/chat-api/src/server.js","statementMap":{"0":{"start":{"line":1,"column":12},"end":{"line":1,"column":28}},"1":{"start":{"line":2,"column":0},"end":{"line":2,"column":27}},"2":{"start":{"line":4,"column":13},"end":{"line":4,"column":37}},"3":{"start":{"line":6,"column":15},"end":{"line":8,"column":2}},"4":{"start":{"line":7,"column":2},"end":{"line":7,"column":58}},"5":{"start":{"line":10,"column":0},"end":{"line":10,"column":24}}},"fnMap":{"0":{"name":"(anonymous_0)","decl":{"start":{"line":6,"column":32},"end":{"line":6,"column":33}},"loc":{"start":{"line":6,"column":38},"end":{"line":8,"column":1}},"line":6}},"branchMap":{"0":{"loc":{"start":{"line":4,"column":13},"end":{"line":4,"column":37}},"type":"binary-expr","locations":[{"start":{"line":4,"column":13},"end":{"line":4,"column":29}},{"start":{"line":4,"column":33},"end":{"line":4,"column":37}}],"line":4}},"s":{"0":1,"1":1,"2":1,"3":1,"4":1,"5":1},"f":{"0":1},"b":{"0":[1,1]},"_coverageSchema":"1a1c01bbd47fc00a2c39e90264f33305004495a9","hash":"1500ac63d64ab3a326913ff29a6b4559c7bd308b"}
,"/home/iannacus/Documentos/proyectos/gen 27/chat-api/src/sum.js": {"path":"/home/iannacus/Documentos/proyectos/gen 27/chat-api/src/sum.js","statementMap":{"0":{"start":{"line":5,"column":2},"end":{"line":7,"column":3}},"1":{"start":{"line":6,"column":4},"end":{"line":6,"column":16}},"2":{"start":{"line":9,"column":2},"end":{"line":11,"column":3}},"3":{"start":{"line":10,"column":4},"end":{"line":10,"column":21}},"4":{"start":{"line":14,"column":2},"end":{"line":14,"column":15}},"5":{"start":{"line":17,"column":0},"end":{"line":17,"column":21}}},"fnMap":{"0":{"name":"sum","decl":{"start":{"line":3,"column":9},"end":{"line":3,"column":12}},"loc":{"start":{"line":3,"column":19},"end":{"line":15,"column":1}},"line":3}},"branchMap":{"0":{"loc":{"start":{"line":5,"column":2},"end":{"line":7,"column":3}},"type":"if","locations":[{"start":{"line":5,"column":2},"end":{"line":7,"column":3}},{"start":{},"end":{}}],"line":5},"1":{"loc":{"start":{"line":5,"column":6},"end":{"line":5,"column":14}},"type":"binary-expr","locations":[{"start":{"line":5,"column":6},"end":{"line":5,"column":8}},{"start":{"line":5,"column":12},"end":{"line":5,"column":14}}],"line":5},"2":{"loc":{"start":{"line":9,"column":2},"end":{"line":11,"column":3}},"type":"if","locations":[{"start":{"line":9,"column":2},"end":{"line":11,"column":3}},{"start":{},"end":{}}],"line":9},"3":{"loc":{"start":{"line":9,"column":6},"end":{"line":9,"column":52}},"type":"binary-expr","locations":[{"start":{"line":9,"column":6},"end":{"line":9,"column":27}},{"start":{"line":9,"column":31},"end":{"line":9,"column":52}}],"line":9}},"s":{"0":3,"1":1,"2":2,"3":1,"4":1,"5":1},"f":{"0":3},"b":{"0":[1,2],"1":[3,2],"2":[1,1],"3":[2,1]},"_coverageSchema":"1a1c01bbd47fc00a2c39e90264f33305004495a9","hash":"511027044796642ef1308a54edc7aa56c99457f2"}
,"/home/iannacus/Documentos/proyectos/gen 27/chat-api/src/config/config.js": {"path":"/home/iannacus/Documentos/proyectos/gen 27/chat-api/src/config/config.js","statementMap":{"0":{"start":{"line":1,"column":0},"end":{"line":1,"column":27}},"1":{"start":{"line":3,"column":0},"end":{"line":30,"column":2}}},"fnMap":{},"branchMap":{},"s":{"0":1,"1":1},"f":{},"b":{},"_coverageSchema":"1a1c01bbd47fc00a2c39e90264f33305004495a9","hash":"c32d6140d3fda841c590ce85b786831bd1d63203"}
,"/home/iannacus/Documentos/proyectos/gen 27/chat-api/src/helpers/getImages.js": {"path":"/home/iannacus/Documentos/proyectos/gen 27/chat-api/src/helpers/getImages.js","statementMap":{"0":{"start":{"line":1,"column":11},"end":{"line":1,"column":38}},"1":{"start":{"line":2,"column":13},"end":{"line":2,"column":33}},"2":{"start":{"line":5,"column":18},"end":{"line":5,"column":68}},"3":{"start":{"line":7,"column":21},"end":{"line":7,"column":56}},"4":{"start":{"line":9,"column":17},"end":{"line":9,"column":45}},"5":{"start":{"line":10,"column":19},"end":{"line":10,"column":78}},"6":{"start":{"line":10,"column":42},"end":{"line":10,"column":77}},"7":{"start":{"line":11,"column":2},"end":{"line":15,"column":6}},"8":{"start":{"line":11,"column":32},"end":{"line":15,"column":3}},"9":{"start":{"line":18,"column":0},"end":{"line":18,"column":27}}},"fnMap":{"0":{"name":"getImages","decl":{"start":{"line":4,"column":15},"end":{"line":4,"column":24}},"loc":{"start":{"line":4,"column":34},"end":{"line":16,"column":1}},"line":4},"1":{"name":"(anonymous_1)","decl":{"start":{"line":10,"column":33},"end":{"line":10,"column":34}},"loc":{"start":{"line":10,"column":42},"end":{"line":10,"column":77}},"line":10},"2":{"name":"(anonymous_2)","decl":{"start":{"line":11,"column":22},"end":{"line":11,"column":23}},"loc":{"start":{"line":11,"column":32},"end":{"line":15,"column":3}},"line":11}},"branchMap":{},"s":{"0":1,"1":1,"2":0,"3":0,"4":0,"5":0,"6":0,"7":0,"8":0,"9":1},"f":{"0":0,"1":0,"2":0},"b":{},"_coverageSchema":"1a1c01bbd47fc00a2c39e90264f33305004495a9","hash":"5dc103dd395cbab217ce37a90686364519419656"}
,"/home/iannacus/Documentos/proyectos/gen 27/chat-api/src/helpers/mailer.js": {"path":"/home/iannacus/Documentos/proyectos/gen 27/chat-api/src/helpers/mailer.js","statementMap":{"0":{"start":{"line":2,"column":19},"end":{"line":2,"column":40}},"1":{"start":{"line":3,"column":0},"end":{"line":3,"column":27}},"2":{"start":{"line":5,"column":20},"end":{"line":13,"column":2}},"3":{"start":{"line":15,"column":0},"end":{"line":15,"column":29}}},"fnMap":{},"branchMap":{},"s":{"0":1,"1":1,"2":1,"3":1},"f":{},"b":{},"_coverageSchema":"1a1c01bbd47fc00a2c39e90264f33305004495a9","hash":"92f9f928104182f3078c03b70d93c11b22c5bb3b"}
,"/home/iannacus/Documentos/proyectos/gen 27/chat-api/src/helpers/sendMail.js": {"path":"/home/iannacus/Documentos/proyectos/gen 27/chat-api/src/helpers/sendMail.js","statementMap":{"0":{"start":{"line":1,"column":20},"end":{"line":1,"column":39}},"1":{"start":{"line":2,"column":12},"end":{"line":2,"column":26}},"2":{"start":{"line":3,"column":13},"end":{"line":3,"column":28}},"3":{"start":{"line":4,"column":28},"end":{"line":4,"column":50}},"4":{"start":{"line":5,"column":18},"end":{"line":5,"column":40}},"5":{"start":{"line":6,"column":0},"end":{"line":6,"column":27}},"6":{"start":{"line":8,"column":17},"end":{"line":15,"column":1}},"7":{"start":{"line":9,"column":2},"end":{"line":14,"column":5}},"8":{"start":{"line":17,"column":20},"end":{"line":21,"column":1}},"9":{"start":{"line":18,"column":24},"end":{"line":18,"column":58}},"10":{"start":{"line":19,"column":19},"end":{"line":19,"column":67}},"11":{"start":{"line":20,"column":2},"end":{"line":20,"column":18}},"12":{"start":{"line":23,"column":25},"end":{"line":34,"column":1}},"13":{"start":{"line":24,"column":16},"end":{"line":24,"column":42}},"14":{"start":{"line":25,"column":19},"end":{"line":29,"column":4}},"15":{"start":{"line":31,"column":22},"end":{"line":31,"column":62}},"16":{"start":{"line":33,"column":2},"end":{"line":33,"column":71}},"17":{"start":{"line":36,"column":0},"end":{"line":36,"column":34}}},"fnMap":{"0":{"name":"(anonymous_0)","decl":{"start":{"line":8,"column":17},"end":{"line":8,"column":18}},"loc":{"start":{"line":8,"column":60},"end":{"line":15,"column":1}},"line":8},"1":{"name":"(anonymous_1)","decl":{"start":{"line":17,"column":20},"end":{"line":17,"column":21}},"loc":{"start":{"line":17,"column":57},"end":{"line":21,"column":1}},"line":17},"2":{"name":"(anonymous_2)","decl":{"start":{"line":23,"column":25},"end":{"line":23,"column":26}},"loc":{"start":{"line":23,"column":48},"end":{"line":34,"column":1}},"line":23}},"branchMap":{},"s":{"0":1,"1":1,"2":1,"3":1,"4":1,"5":1,"6":1,"7":0,"8":1,"9":0,"10":0,"11":0,"12":1,"13":0,"14":0,"15":0,"16":0,"17":1},"f":{"0":0,"1":0,"2":0},"b":{},"_coverageSchema":"1a1c01bbd47fc00a2c39e90264f33305004495a9","hash":"d10a3570f9cabf7b04d507d18f3bb411ff663964"}
,"/home/iannacus/Documentos/proyectos/gen 27/chat-api/src/helpers/signToken.js": {"path":"/home/iannacus/Documentos/proyectos/gen 27/chat-api/src/helpers/signToken.js","statementMap":{"0":{"start":{"line":1,"column":12},"end":{"line":1,"column":35}},"1":{"start":{"line":2,"column":0},"end":{"line":2,"column":27}},"2":{"start":{"line":4,"column":18},"end":{"line":9,"column":1}},"3":{"start":{"line":5,"column":2},"end":{"line":8,"column":5}},"4":{"start":{"line":11,"column":22},"end":{"line":13,"column":1}},"5":{"start":{"line":12,"column":2},"end":{"line":12,"column":55}},"6":{"start":{"line":15,"column":24},"end":{"line":17,"column":1}},"7":{"start":{"line":16,"column":2},"end":{"line":16,"column":61}},"8":{"start":{"line":19,"column":0},"end":{"line":22,"column":2}}},"fnMap":{"0":{"name":"(anonymous_0)","decl":{"start":{"line":4,"column":18},"end":{"line":4,"column":19}},"loc":{"start":{"line":4,"column":47},"end":{"line":9,"column":1}},"line":4},"1":{"name":"(anonymous_1)","decl":{"start":{"line":11,"column":22},"end":{"line":11,"column":23}},"loc":{"start":{"line":11,"column":32},"end":{"line":13,"column":1}},"line":11},"2":{"name":"(anonymous_2)","decl":{"start":{"line":15,"column":24},"end":{"line":15,"column":25}},"loc":{"start":{"line":15,"column":34},"end":{"line":17,"column":1}},"line":15}},"branchMap":{},"s":{"0":2,"1":2,"2":2,"3":1,"4":2,"5":1,"6":2,"7":0,"8":2},"f":{"0":1,"1":1,"2":0},"b":{},"_coverageSchema":"1a1c01bbd47fc00a2c39e90264f33305004495a9","hash":"4ea49a3951c72fce6283cfae3aef692279a548ad"}
,"/home/iannacus/Documentos/proyectos/gen 27/chat-api/src/middlewares/auth.middleware.js": {"path":"/home/iannacus/Documentos/proyectos/gen 27/chat-api/src/middlewares/auth.middleware.js","statementMap":{"0":{"start":{"line":1,"column":12},"end":{"line":1,"column":35}},"1":{"start":{"line":2,"column":0},"end":{"line":2,"column":27}},"2":{"start":{"line":4,"column":21},"end":{"line":25,"column":1}},"3":{"start":{"line":5,"column":2},"end":{"line":24,"column":3}},"4":{"start":{"line":6,"column":4},"end":{"line":6,"column":29}},"5":{"start":{"line":7,"column":26},"end":{"line":7,"column":51}},"6":{"start":{"line":9,"column":4},"end":{"line":14,"column":5}},"7":{"start":{"line":10,"column":6},"end":{"line":13,"column":8}},"8":{"start":{"line":15,"column":18},"end":{"line":15,"column":45}},"9":{"start":{"line":17,"column":17},"end":{"line":19,"column":6}},"10":{"start":{"line":20,"column":4},"end":{"line":20,"column":20}},"11":{"start":{"line":21,"column":4},"end":{"line":21,"column":11}},"12":{"start":{"line":23,"column":4},"end":{"line":23,"column":16}},"13":{"start":{"line":27,"column":0},"end":{"line":27,"column":30}}},"fnMap":{"0":{"name":"(anonymous_0)","decl":{"start":{"line":4,"column":21},"end":{"line":4,"column":22}},"loc":{"start":{"line":4,"column":41},"end":{"line":25,"column":1}},"line":4}},"branchMap":{"0":{"loc":{"start":{"line":9,"column":4},"end":{"line":14,"column":5}},"type":"if","locations":[{"start":{"line":9,"column":4},"end":{"line":14,"column":5}},{"start":{},"end":{}}],"line":9}},"s":{"0":1,"1":1,"2":1,"3":0,"4":0,"5":0,"6":0,"7":0,"8":0,"9":0,"10":0,"11":0,"12":0,"13":1},"f":{"0":0},"b":{"0":[0,0]},"_coverageSchema":"1a1c01bbd47fc00a2c39e90264f33305004495a9","hash":"285fce1a0249011f8d430cfaa0dcbb41b161fa4a"}
,"/home/iannacus/Documentos/proyectos/gen 27/chat-api/src/middlewares/errors.middleware.js": {"path":"/home/iannacus/Documentos/proyectos/gen 27/chat-api/src/middlewares/errors.middleware.js","statementMap":{"0":{"start":{"line":2,"column":11},"end":{"line":2,"column":38}},"1":{"start":{"line":3,"column":13},"end":{"line":3,"column":33}},"2":{"start":{"line":8,"column":4},"end":{"line":8,"column":24}},"3":{"start":{"line":9,"column":14},"end":{"line":9,"column":30}},"4":{"start":{"line":13,"column":17},"end":{"line":23,"column":1}},"5":{"start":{"line":14,"column":32},"end":{"line":14,"column":35}},"6":{"start":{"line":15,"column":2},"end":{"line":15,"column":20}},"7":{"start":{"line":16,"column":21},"end":{"line":16,"column":55}},"8":{"start":{"line":17,"column":31},"end":{"line":17,"column":34}},"9":{"start":{"line":18,"column":2},"end":{"line":22,"column":4}},"10":{"start":{"line":25,"column":20},"end":{"line":36,"column":1}},"11":{"start":{"line":26,"column":15},"end":{"line":26,"column":42}},"12":{"start":{"line":27,"column":18},"end":{"line":27,"column":46}},"13":{"start":{"line":28,"column":2},"end":{"line":28,"column":19}},"14":{"start":{"line":29,"column":19},"end":{"line":29,"column":70}},"15":{"start":{"line":30,"column":2},"end":{"line":33,"column":4}},"16":{"start":{"line":34,"column":2},"end":{"line":34,"column":51}},"17":{"start":{"line":35,"column":2},"end":{"line":35,"column":12}},"18":{"start":{"line":38,"column":24},"end":{"line":65,"column":1}},"19":{"start":{"line":41,"column":2},"end":{"line":46,"column":3}},"20":{"start":{"line":42,"column":4},"end":{"line":45,"column":7}},"21":{"start":{"line":48,"column":2},"end":{"line":54,"column":3}},"22":{"start":{"line":49,"column":4},"end":{"line":53,"column":7}},"23":{"start":{"line":56,"column":2},"end":{"line":62,"column":3}},"24":{"start":{"line":57,"column":4},"end":{"line":61,"column":7}},"25":{"start":{"line":64,"column":2},"end":{"line":64,"column":12}},"26":{"start":{"line":67,"column":24},"end":{"line":77,"column":1}},"27":{"start":{"line":68,"column":20},"end":{"line":68,"column":62}},"28":{"start":{"line":70,"column":2},"end":{"line":75,"column":3}},"29":{"start":{"line":71,"column":4},"end":{"line":74,"column":7}},"30":{"start":{"line":76,"column":2},"end":{"line":76,"column":12}},"31":{"start":{"line":81,"column":21},"end":{"line":84,"column":1}},"32":{"start":{"line":82,"column":31},"end":{"line":82,"column":34}},"33":{"start":{"line":83,"column":2},"end":{"line":83,"column":40}},"34":{"start":{"line":86,"column":29},"end":{"line":91,"column":1}},"35":{"start":{"line":87,"column":2},"end":{"line":90,"column":5}},"36":{"start":{"line":93,"column":0},"end":{"line":99,"column":2}}},"fnMap":{"0":{"name":"(anonymous_0)","decl":{"start":{"line":13,"column":17},"end":{"line":13,"column":18}},"loc":{"start":{"line":13,"column":36},"end":{"line":23,"column":1}},"line":13},"1":{"name":"(anonymous_1)","decl":{"start":{"line":25,"column":20},"end":{"line":25,"column":21}},"loc":{"start":{"line":25,"column":45},"end":{"line":36,"column":1}},"line":25},"2":{"name":"(anonymous_2)","decl":{"start":{"line":38,"column":24},"end":{"line":38,"column":25}},"loc":{"start":{"line":38,"column":49},"end":{"line":65,"column":1}},"line":38},"3":{"name":"(anonymous_3)","decl":{"start":{"line":67,"column":24},"end":{"line":67,"column":25}},"loc":{"start":{"line":67,"column":49},"end":{"line":77,"column":1}},"line":67},"4":{"name":"(anonymous_4)","decl":{"start":{"line":81,"column":21},"end":{"line":81,"column":22}},"loc":{"start":{"line":81,"column":46},"end":{"line":84,"column":1}},"line":81},"5":{"name":"(anonymous_5)","decl":{"start":{"line":86,"column":29},"end":{"line":86,"column":30}},"loc":{"start":{"line":86,"column":43},"end":{"line":91,"column":1}},"line":86}},"branchMap":{"0":{"loc":{"start":{"line":16,"column":21},"end":{"line":16,"column":55}},"type":"cond-expr","locations":[{"start":{"line":16,"column":28},"end":{"line":16,"column":48}},{"start":{"line":16,"column":51},"end":{"line":16,"column":55}}],"line":16},"1":{"loc":{"start":{"line":41,"column":2},"end":{"line":46,"column":3}},"type":"if","locations":[{"start":{"line":41,"column":2},"end":{"line":46,"column":3}},{"start":{},"end":{}}],"line":41},"2":{"loc":{"start":{"line":48,"column":2},"end":{"line":54,"column":3}},"type":"if","locations":[{"start":{"line":48,"column":2},"end":{"line":54,"column":3}},{"start":{},"end":{}}],"line":48},"3":{"loc":{"start":{"line":56,"column":2},"end":{"line":62,"column":3}},"type":"if","locations":[{"start":{"line":56,"column":2},"end":{"line":62,"column":3}},{"start":{},"end":{}}],"line":56},"4":{"loc":{"start":{"line":70,"column":2},"end":{"line":75,"column":3}},"type":"if","locations":[{"start":{"line":70,"column":2},"end":{"line":75,"column":3}},{"start":{},"end":{}}],"line":70},"5":{"loc":{"start":{"line":83,"column":13},"end":{"line":83,"column":26}},"type":"binary-expr","locations":[{"start":{"line":83,"column":13},"end":{"line":83,"column":19}},{"start":{"line":83,"column":23},"end":{"line":83,"column":26}}],"line":83}},"s":{"0":1,"1":1,"2":1,"3":1,"4":1,"5":4,"6":4,"7":4,"8":4,"9":4,"10":1,"11":4,"12":4,"13":4,"14":4,"15":4,"16":4,"17":4,"18":1,"19":4,"20":0,"21":4,"22":1,"23":3,"24":0,"25":3,"26":1,"27":3,"28":3,"29":0,"30":3,"31":1,"32":3,"33":3,"34":1,"35":0,"36":1},"f":{"0":4,"1":4,"2":4,"3":3,"4":3,"5":0},"b":{"0":[4,0],"1":[0,4],"2":[1,3],"3":[0,3],"4":[0,3],"5":[3,0]},"_coverageSchema":"1a1c01bbd47fc00a2c39e90264f33305004495a9","hash":"9c117c57970cbdaf025947eb3413c9b574162a67"}
,"/home/iannacus/Documentos/proyectos/gen 27/chat-api/src/middlewares/imageUpload.middleware.js": {"path":"/home/iannacus/Documentos/proyectos/gen 27/chat-api/src/middlewares/imageUpload.middleware.js","statementMap":{"0":{"start":{"line":1,"column":15},"end":{"line":1,"column":32}},"1":{"start":{"line":2,"column":13},"end":{"line":2,"column":33}},"2":{"start":{"line":4,"column":15},"end":{"line":25,"column":2}},"3":{"start":{"line":8,"column":19},"end":{"line":8,"column":29}},"4":{"start":{"line":9,"column":6},"end":{"line":9,"column":47}},"5":{"start":{"line":16,"column":4},"end":{"line":22,"column":5}},"6":{"start":{"line":17,"column":6},"end":{"line":21,"column":9}},"7":{"start":{"line":23,"column":4},"end":{"line":23,"column":19}},"8":{"start":{"line":27,"column":0},"end":{"line":27,"column":24}}},"fnMap":{"0":{"name":"(anonymous_0)","decl":{"start":{"line":7,"column":14},"end":{"line":7,"column":15}},"loc":{"start":{"line":7,"column":33},"end":{"line":10,"column":5}},"line":7},"1":{"name":"(anonymous_1)","decl":{"start":{"line":15,"column":14},"end":{"line":15,"column":15}},"loc":{"start":{"line":15,"column":33},"end":{"line":24,"column":3}},"line":15}},"branchMap":{"0":{"loc":{"start":{"line":16,"column":4},"end":{"line":22,"column":5}},"type":"if","locations":[{"start":{"line":16,"column":4},"end":{"line":22,"column":5}},{"start":{},"end":{}}],"line":16}},"s":{"0":1,"1":1,"2":1,"3":0,"4":0,"5":0,"6":0,"7":0,"8":1},"f":{"0":0,"1":0},"b":{"0":[0,0]},"_coverageSchema":"1a1c01bbd47fc00a2c39e90264f33305004495a9","hash":"7c7658dfb3a86c17dee7e3a5c3c2ad6c7c0cb720"}
,"/home/iannacus/Documentos/proyectos/gen 27/chat-api/src/middlewares/validator.middleware.js": {"path":"/home/iannacus/Documentos/proyectos/gen 27/chat-api/src/middlewares/validator.middleware.js","statementMap":{"0":{"start":{"line":1,"column":29},"end":{"line":1,"column":57}},"1":{"start":{"line":3,"column":23},"end":{"line":14,"column":1}},"2":{"start":{"line":4,"column":2},"end":{"line":13,"column":3}},"3":{"start":{"line":5,"column":4},"end":{"line":5,"column":34}},"4":{"start":{"line":6,"column":4},"end":{"line":6,"column":11}},"5":{"start":{"line":8,"column":4},"end":{"line":12,"column":7}},"6":{"start":{"line":11,"column":44},"end":{"line":11,"column":53}},"7":{"start":{"line":16,"column":0},"end":{"line":16,"column":32}}},"fnMap":{"0":{"name":"(anonymous_0)","decl":{"start":{"line":3,"column":23},"end":{"line":3,"column":24}},"loc":{"start":{"line":3,"column":43},"end":{"line":14,"column":1}},"line":3},"1":{"name":"(anonymous_1)","decl":{"start":{"line":11,"column":33},"end":{"line":11,"column":34}},"loc":{"start":{"line":11,"column":44},"end":{"line":11,"column":53}},"line":11}},"branchMap":{},"s":{"0":1,"1":1,"2":4,"3":4,"4":1,"5":3,"6":9,"7":1},"f":{"0":4,"1":9},"b":{},"_coverageSchema":"1a1c01bbd47fc00a2c39e90264f33305004495a9","hash":"5b2cbc03324ddf89b99752caa455d7ad11074406"}
,"/home/iannacus/Documentos/proyectos/gen 27/chat-api/src/models/conversation.js": {"path":"/home/iannacus/Documentos/proyectos/gen 27/chat-api/src/models/conversation.js","statementMap":{"0":{"start":{"line":2,"column":18},"end":{"line":2,"column":38}},"1":{"start":{"line":3,"column":0},"end":{"line":35,"column":2}},"2":{"start":{"line":12,"column":6},"end":{"line":12,"column":77}},"3":{"start":{"line":13,"column":6},"end":{"line":13,"column":71}},"4":{"start":{"line":14,"column":6},"end":{"line":14,"column":74}},"5":{"start":{"line":15,"column":6},"end":{"line":17,"column":9}},"6":{"start":{"line":20,"column":2},"end":{"line":33,"column":4}},"7":{"start":{"line":34,"column":2},"end":{"line":34,"column":22}}},"fnMap":{"0":{"name":"(anonymous_0)","decl":{"start":{"line":3,"column":17},"end":{"line":3,"column":18}},"loc":{"start":{"line":3,"column":43},"end":{"line":35,"column":1}},"line":3},"1":{"name":"(anonymous_1)","decl":{"start":{"line":10,"column":4},"end":{"line":10,"column":5}},"loc":{"start":{"line":10,"column":29},"end":{"line":18,"column":5}},"line":10}},"branchMap":{},"s":{"0":1,"1":1,"2":1,"3":1,"4":1,"5":1,"6":1,"7":1},"f":{"0":1,"1":1},"b":{},"_coverageSchema":"1a1c01bbd47fc00a2c39e90264f33305004495a9","hash":"04e12de7b62c89d13212c296d4fd97993b5e941d"}
,"/home/iannacus/Documentos/proyectos/gen 27/chat-api/src/models/index.js": {"path":"/home/iannacus/Documentos/proyectos/gen 27/chat-api/src/models/index.js","statementMap":{"0":{"start":{"line":3,"column":11},"end":{"line":3,"column":24}},"1":{"start":{"line":4,"column":13},"end":{"line":4,"column":28}},"2":{"start":{"line":5,"column":18},"end":{"line":5,"column":38}},"3":{"start":{"line":6,"column":16},"end":{"line":6,"column":34}},"4":{"start":{"line":7,"column":17},"end":{"line":7,"column":42}},"5":{"start":{"line":8,"column":12},"end":{"line":8,"column":49}},"6":{"start":{"line":9,"column":15},"end":{"line":9,"column":63}},"7":{"start":{"line":10,"column":11},"end":{"line":10,"column":13}},"8":{"start":{"line":13,"column":0},"end":{"line":22,"column":1}},"9":{"start":{"line":14,"column":2},"end":{"line":14,"column":74}},"10":{"start":{"line":16,"column":2},"end":{"line":21,"column":4}},"11":{"start":{"line":24,"column":0},"end":{"line":39,"column":5}},"12":{"start":{"line":26,"column":4},"end":{"line":31,"column":6}},"13":{"start":{"line":34,"column":18},"end":{"line":37,"column":5}},"14":{"start":{"line":38,"column":4},"end":{"line":38,"column":27}},"15":{"start":{"line":41,"column":0},"end":{"line":45,"column":3}},"16":{"start":{"line":42,"column":2},"end":{"line":44,"column":3}},"17":{"start":{"line":43,"column":4},"end":{"line":43,"column":32}},"18":{"start":{"line":47,"column":0},"end":{"line":47,"column":25}},"19":{"start":{"line":48,"column":0},"end":{"line":48,"column":25}},"20":{"start":{"line":50,"column":0},"end":{"line":50,"column":20}}},"fnMap":{"0":{"name":"(anonymous_0)","decl":{"start":{"line":25,"column":10},"end":{"line":25,"column":11}},"loc":{"start":{"line":25,"column":20},"end":{"line":32,"column":3}},"line":25},"1":{"name":"(anonymous_1)","decl":{"start":{"line":33,"column":11},"end":{"line":33,"column":12}},"loc":{"start":{"line":33,"column":21},"end":{"line":39,"column":3}},"line":33},"2":{"name":"(anonymous_2)","decl":{"start":{"line":41,"column":24},"end":{"line":41,"column":25}},"loc":{"start":{"line":41,"column":39},"end":{"line":45,"column":1}},"line":41}},"branchMap":{"0":{"loc":{"start":{"line":8,"column":12},"end":{"line":8,"column":49}},"type":"binary-expr","locations":[{"start":{"line":8,"column":12},"end":{"line":8,"column":32}},{"start":{"line":8,"column":36},"end":{"line":8,"column":49}}],"line":8},"1":{"loc":{"start":{"line":13,"column":0},"end":{"line":22,"column":1}},"type":"if","locations":[{"start":{"line":13,"column":0},"end":{"line":22,"column":1}},{"start":{"line":15,"column":7},"end":{"line":22,"column":1}}],"line":13},"2":{"loc":{"start":{"line":27,"column":6},"end":{"line":30,"column":37}},"type":"binary-expr","locations":[{"start":{"line":27,"column":6},"end":{"line":27,"column":29}},{"start":{"line":28,"column":6},"end":{"line":28,"column":23}},{"start":{"line":29,"column":6},"end":{"line":29,"column":30}},{"start":{"line":30,"column":6},"end":{"line":30,"column":37}}],"line":27},"3":{"loc":{"start":{"line":42,"column":2},"end":{"line":44,"column":3}},"type":"if","locations":[{"start":{"line":42,"column":2},"end":{"line":44,"column":3}},{"start":{},"end":{}}],"line":42}},"s":{"0":1,"1":1,"2":1,"3":1,"4":1,"5":1,"6":1,"7":1,"8":1,"9":0,"10":1,"11":1,"12":5,"13":4,"14":4,"15":1,"16":4,"17":4,"18":1,"19":1,"20":1},"f":{"0":5,"1":4,"2":4},"b":{"0":[1,0],"1":[0,1],"2":[5,5,4,4],"3":[4,0]},"_coverageSchema":"1a1c01bbd47fc00a2c39e90264f33305004495a9","hash":"4748a1e76e2c78c3c14ca873c3d591b5dedaf006"}
,"/home/iannacus/Documentos/proyectos/gen 27/chat-api/src/models/message.js": {"path":"/home/iannacus/Documentos/proyectos/gen 27/chat-api/src/models/message.js","statementMap":{"0":{"start":{"line":2,"column":18},"end":{"line":2,"column":38}},"1":{"start":{"line":3,"column":0},"end":{"line":30,"column":2}},"2":{"start":{"line":12,"column":6},"end":{"line":12,"column":65}},"3":{"start":{"line":13,"column":6},"end":{"line":13,"column":79}},"4":{"start":{"line":16,"column":2},"end":{"line":28,"column":4}},"5":{"start":{"line":29,"column":2},"end":{"line":29,"column":17}}},"fnMap":{"0":{"name":"(anonymous_0)","decl":{"start":{"line":3,"column":17},"end":{"line":3,"column":18}},"loc":{"start":{"line":3,"column":43},"end":{"line":30,"column":1}},"line":3},"1":{"name":"(anonymous_1)","decl":{"start":{"line":10,"column":4},"end":{"line":10,"column":5}},"loc":{"start":{"line":10,"column":29},"end":{"line":14,"column":5}},"line":10}},"branchMap":{},"s":{"0":1,"1":1,"2":1,"3":1,"4":1,"5":1},"f":{"0":1,"1":1},"b":{},"_coverageSchema":"1a1c01bbd47fc00a2c39e90264f33305004495a9","hash":"b9b1de145b7f109312df815793d7eb4a01056859"}
,"/home/iannacus/Documentos/proyectos/gen 27/chat-api/src/models/participant.js": {"path":"/home/iannacus/Documentos/proyectos/gen 27/chat-api/src/models/participant.js","statementMap":{"0":{"start":{"line":2,"column":18},"end":{"line":2,"column":38}},"1":{"start":{"line":3,"column":0},"end":{"line":30,"column":2}},"2":{"start":{"line":12,"column":6},"end":{"line":12,"column":67}},"3":{"start":{"line":13,"column":6},"end":{"line":15,"column":9}},"4":{"start":{"line":18,"column":2},"end":{"line":28,"column":4}},"5":{"start":{"line":29,"column":2},"end":{"line":29,"column":21}}},"fnMap":{"0":{"name":"(anonymous_0)","decl":{"start":{"line":3,"column":17},"end":{"line":3,"column":18}},"loc":{"start":{"line":3,"column":43},"end":{"line":30,"column":1}},"line":3},"1":{"name":"(anonymous_1)","decl":{"start":{"line":10,"column":4},"end":{"line":10,"column":5}},"loc":{"start":{"line":10,"column":29},"end":{"line":16,"column":5}},"line":10}},"branchMap":{},"s":{"0":1,"1":1,"2":1,"3":1,"4":1,"5":1},"f":{"0":1,"1":1},"b":{},"_coverageSchema":"1a1c01bbd47fc00a2c39e90264f33305004495a9","hash":"4c609149e4c09c77a51f50ad8744cc10f47bfab8"}
,"/home/iannacus/Documentos/proyectos/gen 27/chat-api/src/models/user.js": {"path":"/home/iannacus/Documentos/proyectos/gen 27/chat-api/src/models/user.js","statementMap":{"0":{"start":{"line":3,"column":15},"end":{"line":3,"column":32}},"1":{"start":{"line":4,"column":25},"end":{"line":4,"column":55}},"2":{"start":{"line":6,"column":18},"end":{"line":6,"column":38}},"3":{"start":{"line":7,"column":0},"end":{"line":49,"column":2}},"4":{"start":{"line":17,"column":6},"end":{"line":17,"column":63}},"5":{"start":{"line":18,"column":6},"end":{"line":18,"column":69}},"6":{"start":{"line":19,"column":6},"end":{"line":19,"column":74}},"7":{"start":{"line":20,"column":6},"end":{"line":20,"column":65}},"8":{"start":{"line":23,"column":2},"end":{"line":47,"column":4}},"9":{"start":{"line":38,"column":25},"end":{"line":38,"column":61}},"10":{"start":{"line":39,"column":10},"end":{"line":39,"column":33}},"11":{"start":{"line":42,"column":49},"end":{"line":42,"column":53}},"12":{"start":{"line":43,"column":10},"end":{"line":43,"column":59}},"13":{"start":{"line":48,"column":2},"end":{"line":48,"column":14}}},"fnMap":{"0":{"name":"(anonymous_0)","decl":{"start":{"line":7,"column":17},"end":{"line":7,"column":18}},"loc":{"start":{"line":7,"column":43},"end":{"line":49,"column":1}},"line":7},"1":{"name":"(anonymous_1)","decl":{"start":{"line":14,"column":4},"end":{"line":14,"column":5}},"loc":{"start":{"line":14,"column":29},"end":{"line":21,"column":5}},"line":14},"2":{"name":"(anonymous_2)","decl":{"start":{"line":37,"column":22},"end":{"line":37,"column":23}},"loc":{"start":{"line":37,"column":47},"end":{"line":40,"column":9}},"line":37},"3":{"name":"(anonymous_3)","decl":{"start":{"line":41,"column":21},"end":{"line":41,"column":22}},"loc":{"start":{"line":41,"column":46},"end":{"line":44,"column":9}},"line":41}},"branchMap":{},"s":{"0":1,"1":1,"2":1,"3":1,"4":1,"5":1,"6":1,"7":1,"8":1,"9":1,"10":1,"11":0,"12":0,"13":1},"f":{"0":1,"1":1,"2":1,"3":0},"b":{},"_coverageSchema":"1a1c01bbd47fc00a2c39e90264f33305004495a9","hash":"175bb85ef4d36c7136d91dc6c0dab5b7ad5be77f"}
,"/home/iannacus/Documentos/proyectos/gen 27/chat-api/src/modules/conversations/conversations.controllers.js": {"path":"/home/iannacus/Documentos/proyectos/gen 27/chat-api/src/modules/conversations/conversations.controllers.js","statementMap":{"0":{"start":{"line":1,"column":44},"end":{"line":1,"column":67}},"1":{"start":{"line":3,"column":27},"end":{"line":17,"column":1}},"2":{"start":{"line":4,"column":2},"end":{"line":16,"column":3}},"3":{"start":{"line":5,"column":38},"end":{"line":5,"column":46}},"4":{"start":{"line":7,"column":25},"end":{"line":7,"column":73}},"5":{"start":{"line":9,"column":17},"end":{"line":9,"column":44}},"6":{"start":{"line":10,"column":24},"end":{"line":10,"column":58}},"7":{"start":{"line":11,"column":4},"end":{"line":11,"column":37}},"8":{"start":{"line":12,"column":4},"end":{"line":12,"column":44}},"9":{"start":{"line":13,"column":4},"end":{"line":13,"column":26}},"10":{"start":{"line":15,"column":4},"end":{"line":15,"column":16}},"11":{"start":{"line":19,"column":32},"end":{"line":43,"column":1}},"12":{"start":{"line":20,"column":2},"end":{"line":42,"column":3}},"13":{"start":{"line":22,"column":47},"end":{"line":22,"column":55}},"14":{"start":{"line":23,"column":25},"end":{"line":27,"column":6}},"15":{"start":{"line":31,"column":31},"end":{"line":36,"column":5}},"16":{"start":{"line":32,"column":24},"end":{"line":35,"column":7}},"17":{"start":{"line":38,"column":4},"end":{"line":38,"column":53}},"18":{"start":{"line":39,"column":4},"end":{"line":39,"column":26}},"19":{"start":{"line":41,"column":4},"end":{"line":41,"column":16}},"20":{"start":{"line":45,"column":28},"end":{"line":67,"column":1}},"21":{"start":{"line":46,"column":2},"end":{"line":66,"column":3}},"22":{"start":{"line":47,"column":19},"end":{"line":47,"column":29}},"23":{"start":{"line":49,"column":26},"end":{"line":62,"column":6}},"24":{"start":{"line":63,"column":4},"end":{"line":63,"column":28}},"25":{"start":{"line":65,"column":4},"end":{"line":65,"column":16}},"26":{"start":{"line":69,"column":0},"end":{"line":73,"column":2}}},"fnMap":{"0":{"name":"(anonymous_0)","decl":{"start":{"line":3,"column":27},"end":{"line":3,"column":28}},"loc":{"start":{"line":3,"column":53},"end":{"line":17,"column":1}},"line":3},"1":{"name":"(anonymous_1)","decl":{"start":{"line":19,"column":32},"end":{"line":19,"column":33}},"loc":{"start":{"line":19,"column":58},"end":{"line":43,"column":1}},"line":19},"2":{"name":"(anonymous_2)","decl":{"start":{"line":32,"column":6},"end":{"line":32,"column":7}},"loc":{"start":{"line":32,"column":24},"end":{"line":35,"column":7}},"line":32},"3":{"name":"(anonymous_3)","decl":{"start":{"line":45,"column":28},"end":{"line":45,"column":29}},"loc":{"start":{"line":45,"column":54},"end":{"line":67,"column":1}},"line":45}},"branchMap":{},"s":{"0":1,"1":1,"2":0,"3":0,"4":0,"5":0,"6":0,"7":0,"8":0,"9":0,"10":0,"11":1,"12":0,"13":0,"14":0,"15":0,"16":0,"17":0,"18":0,"19":0,"20":1,"21":0,"22":0,"23":0,"24":0,"25":0,"26":1},"f":{"0":0,"1":0,"2":0,"3":0},"b":{},"_coverageSchema":"1a1c01bbd47fc00a2c39e90264f33305004495a9","hash":"42b62d2f59ecc68506a808ffc40d26b7e7b6f8d7"}
,"/home/iannacus/Documentos/proyectos/gen 27/chat-api/src/modules/conversations/conversations.routes.js": {"path":"/home/iannacus/Documentos/proyectos/gen 27/chat-api/src/modules/conversations/conversations.routes.js","statementMap":{"0":{"start":{"line":1,"column":19},"end":{"line":1,"column":37}},"1":{"start":{"line":6,"column":4},"end":{"line":6,"column":42}},"2":{"start":{"line":7,"column":21},"end":{"line":7,"column":65}},"3":{"start":{"line":9,"column":15},"end":{"line":9,"column":23}},"4":{"start":{"line":16,"column":0},"end":{"line":16,"column":51}},"5":{"start":{"line":17,"column":0},"end":{"line":17,"column":61}},"6":{"start":{"line":19,"column":0},"end":{"line":19,"column":54}},"7":{"start":{"line":21,"column":0},"end":{"line":21,"column":24}}},"fnMap":{},"branchMap":{},"s":{"0":1,"1":1,"2":1,"3":1,"4":1,"5":1,"6":1,"7":1},"f":{},"b":{},"_coverageSchema":"1a1c01bbd47fc00a2c39e90264f33305004495a9","hash":"b6a39d2a1ee9799e9ad9ddbe94019c5fb8cac80a"}
,"/home/iannacus/Documentos/proyectos/gen 27/chat-api/src/modules/messages/messages.controllers.js": {"path":"/home/iannacus/Documentos/proyectos/gen 27/chat-api/src/modules/messages/messages.controllers.js","statementMap":{"0":{"start":{"line":1,"column":26},"end":{"line":1,"column":49}},"1":{"start":{"line":3,"column":34},"end":{"line":18,"column":1}},"2":{"start":{"line":4,"column":2},"end":{"line":17,"column":3}},"3":{"start":{"line":5,"column":35},"end":{"line":5,"column":45}},"4":{"start":{"line":6,"column":34},"end":{"line":6,"column":42}},"5":{"start":{"line":8,"column":4},"end":{"line":12,"column":7}},"6":{"start":{"line":14,"column":4},"end":{"line":14,"column":26}},"7":{"start":{"line":16,"column":4},"end":{"line":16,"column":16}},"8":{"start":{"line":20,"column":32},"end":{"line":36,"column":1}},"9":{"start":{"line":21,"column":2},"end":{"line":35,"column":3}},"10":{"start":{"line":22,"column":35},"end":{"line":22,"column":45}},"11":{"start":{"line":24,"column":21},"end":{"line":30,"column":6}},"12":{"start":{"line":32,"column":4},"end":{"line":32,"column":23}},"13":{"start":{"line":34,"column":4},"end":{"line":34,"column":16}},"14":{"start":{"line":38,"column":0},"end":{"line":41,"column":2}}},"fnMap":{"0":{"name":"(anonymous_0)","decl":{"start":{"line":3,"column":34},"end":{"line":3,"column":35}},"loc":{"start":{"line":3,"column":60},"end":{"line":18,"column":1}},"line":3},"1":{"name":"(anonymous_1)","decl":{"start":{"line":20,"column":32},"end":{"line":20,"column":33}},"loc":{"start":{"line":20,"column":58},"end":{"line":36,"column":1}},"line":20}},"branchMap":{},"s":{"0":1,"1":1,"2":0,"3":0,"4":0,"5":0,"6":0,"7":0,"8":1,"9":0,"10":0,"11":0,"12":0,"13":0,"14":1},"f":{"0":0,"1":0},"b":{},"_coverageSchema":"1a1c01bbd47fc00a2c39e90264f33305004495a9","hash":"f39ad46bd65ce78130b22ea9542956b3d5939482"}
,"/home/iannacus/Documentos/proyectos/gen 27/chat-api/src/modules/messages/messages.routes.js": {"path":"/home/iannacus/Documentos/proyectos/gen 27/chat-api/src/modules/messages/messages.routes.js","statementMap":{"0":{"start":{"line":1,"column":19},"end":{"line":1,"column":37}},"1":{"start":{"line":5,"column":4},"end":{"line":5,"column":37}},"2":{"start":{"line":6,"column":21},"end":{"line":6,"column":65}},"3":{"start":{"line":8,"column":15},"end":{"line":8,"column":23}},"4":{"start":{"line":10,"column":0},"end":{"line":13,"column":46}},"5":{"start":{"line":15,"column":0},"end":{"line":15,"column":24}}},"fnMap":{},"branchMap":{},"s":{"0":1,"1":1,"2":1,"3":1,"4":1,"5":1},"f":{},"b":{},"_coverageSchema":"1a1c01bbd47fc00a2c39e90264f33305004495a9","hash":"056e9c08cb42b54d19d5514c1139e65a7bddf79a"}
,"/home/iannacus/Documentos/proyectos/gen 27/chat-api/src/modules/user/user.controllers.js": {"path":"/home/iannacus/Documentos/proyectos/gen 27/chat-api/src/modules/user/user.controllers.js","statementMap":{"0":{"start":{"line":1,"column":17},"end":{"line":1,"column":40}},"1":{"start":{"line":2,"column":15},"end":{"line":2,"column":32}},"2":{"start":{"line":3,"column":12},"end":{"line":3,"column":35}},"3":{"start":{"line":4,"column":26},"end":{"line":4,"column":60}},"4":{"start":{"line":5,"column":0},"end":{"line":5,"column":27}},"5":{"start":{"line":7,"column":20},"end":{"line":18,"column":1}},"6":{"start":{"line":8,"column":2},"end":{"line":17,"column":3}},"7":{"start":{"line":9,"column":18},"end":{"line":13,"column":6}},"8":{"start":{"line":14,"column":4},"end":{"line":14,"column":20}},"9":{"start":{"line":16,"column":4},"end":{"line":16,"column":16}},"10":{"start":{"line":20,"column":21},"end":{"line":28,"column":1}},"11":{"start":{"line":21,"column":2},"end":{"line":27,"column":3}},"12":{"start":{"line":22,"column":20},"end":{"line":22,"column":28}},"13":{"start":{"line":23,"column":4},"end":{"line":23,"column":31}},"14":{"start":{"line":24,"column":4},"end":{"line":24,"column":26}},"15":{"start":{"line":26,"column":4},"end":{"line":26,"column":16}},"16":{"start":{"line":30,"column":18},"end":{"line":70,"column":1}},"17":{"start":{"line":31,"column":2},"end":{"line":69,"column":3}},"18":{"start":{"line":32,"column":32},"end":{"line":32,"column":40}},"19":{"start":{"line":33,"column":17},"end":{"line":33,"column":57}},"20":{"start":{"line":35,"column":4},"end":{"line":41,"column":5}},"21":{"start":{"line":36,"column":6},"end":{"line":40,"column":8}},"22":{"start":{"line":43,"column":28},"end":{"line":43,"column":73}},"23":{"start":{"line":44,"column":4},"end":{"line":50,"column":5}},"24":{"start":{"line":45,"column":6},"end":{"line":49,"column":8}},"25":{"start":{"line":52,"column":4},"end":{"line":58,"column":5}},"26":{"start":{"line":53,"column":6},"end":{"line":57,"column":8}},"27":{"start":{"line":61,"column":21},"end":{"line":61,"column":43}},"28":{"start":{"line":62,"column":4},"end":{"line":62,"column":29}},"29":{"start":{"line":64,"column":18},"end":{"line":64,"column":41}},"30":{"start":{"line":65,"column":4},"end":{"line":65,"column":27}},"31":{"start":{"line":66,"column":4},"end":{"line":66,"column":23}},"32":{"start":{"line":68,"column":4},"end":{"line":68,"column":16}},"33":{"start":{"line":72,"column":26},"end":{"line":99,"column":1}},"34":{"start":{"line":73,"column":2},"end":{"line":98,"column":3}},"35":{"start":{"line":74,"column":22},"end":{"line":74,"column":30}},"36":{"start":{"line":75,"column":4},"end":{"line":80,"column":5}},"37":{"start":{"line":76,"column":6},"end":{"line":79,"column":8}},"38":{"start":{"line":81,"column":22},"end":{"line":83,"column":6}},"39":{"start":{"line":84,"column":17},"end":{"line":84,"column":57}},"40":{"start":{"line":85,"column":4},"end":{"line":90,"column":5}},"41":{"start":{"line":86,"column":6},"end":{"line":89,"column":8}},"42":{"start":{"line":91,"column":4},"end":{"line":91,"column":27}},"43":{"start":{"line":92,"column":4},"end":{"line":92,"column":16}},"44":{"start":{"line":93,"column":4},"end":{"line":95,"column":7}},"45":{"start":{"line":97,"column":4},"end":{"line":97,"column":16}},"46":{"start":{"line":101,"column":21},"end":{"line":119,"column":1}},"47":{"start":{"line":102,"column":2},"end":{"line":118,"column":3}},"48":{"start":{"line":103,"column":21},"end":{"line":103,"column":24}},"49":{"start":{"line":104,"column":19},"end":{"line":104,"column":29}},"50":{"start":{"line":108,"column":21},"end":{"line":108,"column":69}},"51":{"start":{"line":109,"column":4},"end":{"line":114,"column":6}},"52":{"start":{"line":115,"column":4},"end":{"line":115,"column":26}},"53":{"start":{"line":117,"column":4},"end":{"line":117,"column":16}},"54":{"start":{"line":121,"column":0},"end":{"line":127,"column":2}}},"fnMap":{"0":{"name":"(anonymous_0)","decl":{"start":{"line":7,"column":20},"end":{"line":7,"column":21}},"loc":{"start":{"line":7,"column":46},"end":{"line":18,"column":1}},"line":7},"1":{"name":"(anonymous_1)","decl":{"start":{"line":20,"column":21},"end":{"line":20,"column":22}},"loc":{"start":{"line":20,"column":47},"end":{"line":28,"column":1}},"line":20},"2":{"name":"(anonymous_2)","decl":{"start":{"line":30,"column":18},"end":{"line":30,"column":19}},"loc":{"start":{"line":30,"column":44},"end":{"line":70,"column":1}},"line":30},"3":{"name":"(anonymous_3)","decl":{"start":{"line":72,"column":26},"end":{"line":72,"column":27}},"loc":{"start":{"line":72,"column":52},"end":{"line":99,"column":1}},"line":72},"4":{"name":"(anonymous_4)","decl":{"start":{"line":101,"column":21},"end":{"line":101,"column":22}},"loc":{"start":{"line":101,"column":47},"end":{"line":119,"column":1}},"line":101}},"branchMap":{"0":{"loc":{"start":{"line":35,"column":4},"end":{"line":41,"column":5}},"type":"if","locations":[{"start":{"line":35,"column":4},"end":{"line":41,"column":5}},{"start":{},"end":{}}],"line":35},"1":{"loc":{"start":{"line":44,"column":4},"end":{"line":50,"column":5}},"type":"if","locations":[{"start":{"line":44,"column":4},"end":{"line":50,"column":5}},{"start":{},"end":{}}],"line":44},"2":{"loc":{"start":{"line":52,"column":4},"end":{"line":58,"column":5}},"type":"if","locations":[{"start":{"line":52,"column":4},"end":{"line":58,"column":5}},{"start":{},"end":{}}],"line":52},"3":{"loc":{"start":{"line":75,"column":4},"end":{"line":80,"column":5}},"type":"if","locations":[{"start":{"line":75,"column":4},"end":{"line":80,"column":5}},{"start":{},"end":{}}],"line":75},"4":{"loc":{"start":{"line":85,"column":4},"end":{"line":90,"column":5}},"type":"if","locations":[{"start":{"line":85,"column":4},"end":{"line":90,"column":5}},{"start":{},"end":{}}],"line":85}},"s":{"0":1,"1":1,"2":1,"3":1,"4":1,"5":1,"6":0,"7":0,"8":0,"9":0,"10":1,"11":1,"12":1,"13":1,"14":0,"15":1,"16":1,"17":0,"18":0,"19":0,"20":0,"21":0,"22":0,"23":0,"24":0,"25":0,"26":0,"27":0,"28":0,"29":0,"30":0,"31":0,"32":0,"33":1,"34":0,"35":0,"36":0,"37":0,"38":0,"39":0,"40":0,"41":0,"42":0,"43":0,"44":0,"45":0,"46":1,"47":0,"48":0,"49":0,"50":0,"51":0,"52":0,"53":0,"54":1},"f":{"0":0,"1":1,"2":0,"3":0,"4":0},"b":{"0":[0,0],"1":[0,0],"2":[0,0],"3":[0,0],"4":[0,0]},"_coverageSchema":"1a1c01bbd47fc00a2c39e90264f33305004495a9","hash":"2403571c96a72d49583d31a12bbd8e09b5747ec6"}
,"/home/iannacus/Documentos/proyectos/gen 27/chat-api/src/modules/user/user.routes.js": {"path":"/home/iannacus/Documentos/proyectos/gen 27/chat-api/src/modules/user/user.routes.js","statementMap":{"0":{"start":{"line":1,"column":19},"end":{"line":1,"column":37}},"1":{"start":{"line":2,"column":30},"end":{"line":2,"column":53}},"2":{"start":{"line":9,"column":4},"end":{"line":9,"column":33}},"3":{"start":{"line":10,"column":21},"end":{"line":10,"column":65}},"4":{"start":{"line":11,"column":51},"end":{"line":11,"column":79}},"5":{"start":{"line":12,"column":15},"end":{"line":12,"column":66}},"6":{"start":{"line":13,"column":15},"end":{"line":13,"column":23}},"7":{"start":{"line":15,"column":0},"end":{"line":18,"column":45}},"8":{"start":{"line":20,"column":0},"end":{"line":20,"column":72}},"9":{"start":{"line":22,"column":0},"end":{"line":22,"column":50}},"10":{"start":{"line":24,"column":0},"end":{"line":24,"column":44}},"11":{"start":{"line":26,"column":0},"end":{"line":26,"column":24}}},"fnMap":{},"branchMap":{},"s":{"0":1,"1":1,"2":1,"3":1,"4":1,"5":1,"6":1,"7":1,"8":1,"9":1,"10":1,"11":1},"f":{},"b":{},"_coverageSchema":"1a1c01bbd47fc00a2c39e90264f33305004495a9","hash":"cd21971faa9bf74a6bccdf5c5e616bae562dab84"}
,"/home/iannacus/Documentos/proyectos/gen 27/chat-api/src/modules/user/user.validators.js": {"path":"/home/iannacus/Documentos/proyectos/gen 27/chat-api/src/modules/user/user.validators.js","statementMap":{"0":{"start":{"line":1,"column":18},"end":{"line":1,"column":46}},"1":{"start":{"line":2,"column":23},"end":{"line":2,"column":72}},"2":{"start":{"line":4,"column":30},"end":{"line":52,"column":1}},"3":{"start":{"line":54,"column":24},"end":{"line":72,"column":1}},"4":{"start":{"line":74,"column":0},"end":{"line":77,"column":2}}},"fnMap":{},"branchMap":{},"s":{"0":1,"1":1,"2":1,"3":1,"4":1},"f":{},"b":{},"_coverageSchema":"1a1c01bbd47fc00a2c39e90264f33305004495a9","hash":"869e3668eb7d7ac57bc43aa6ce566cde0bea402a"}
,"/home/iannacus/Documentos/proyectos/gen 27/chat-api/src/routes/apiv1.routes.js": {"path":"/home/iannacus/Documentos/proyectos/gen 27/chat-api/src/routes/apiv1.routes.js","statementMap":{"0":{"start":{"line":1,"column":18},"end":{"line":1,"column":47}},"1":{"start":{"line":2,"column":19},"end":{"line":2,"column":45}},"2":{"start":{"line":3,"column":19},"end":{"line":3,"column":57}},"3":{"start":{"line":4,"column":28},"end":{"line":4,"column":84}},"4":{"start":{"line":5,"column":22},"end":{"line":5,"column":68}},"5":{"start":{"line":7,"column":20},"end":{"line":12,"column":1}},"6":{"start":{"line":8,"column":2},"end":{"line":8,"column":39}},"7":{"start":{"line":9,"column":2},"end":{"line":9,"column":56}},"8":{"start":{"line":10,"column":2},"end":{"line":10,"column":45}},"9":{"start":{"line":11,"column":2},"end":{"line":11,"column":72}},"10":{"start":{"line":14,"column":0},"end":{"line":14,"column":29}}},"fnMap":{"0":{"name":"(anonymous_0)","decl":{"start":{"line":7,"column":20},"end":{"line":7,"column":21}},"loc":{"start":{"line":7,"column":29},"end":{"line":12,"column":1}},"line":7}},"branchMap":{},"s":{"0":1,"1":1,"2":1,"3":1,"4":1,"5":1,"6":1,"7":1,"8":1,"9":1,"10":1},"f":{"0":1},"b":{},"_coverageSchema":"1a1c01bbd47fc00a2c39e90264f33305004495a9","hash":"0f1becb3aa063ba442da240e36b63b3ce3924d68"}
,"/home/iannacus/Documentos/proyectos/gen 27/chat-api/src/routes/error.routes.js": {"path":"/home/iannacus/Documentos/proyectos/gen 27/chat-api/src/routes/error.routes.js","statementMap":{"0":{"start":{"line":7,"column":4},"end":{"line":7,"column":47}},"1":{"start":{"line":9,"column":20},"end":{"line":15,"column":1}},"2":{"start":{"line":10,"column":2},"end":{"line":10,"column":23}},"3":{"start":{"line":11,"column":2},"end":{"line":11,"column":27}},"4":{"start":{"line":12,"column":2},"end":{"line":12,"column":27}},"5":{"start":{"line":13,"column":2},"end":{"line":13,"column":24}},"6":{"start":{"line":14,"column":2},"end":{"line":14,"column":32}},"7":{"start":{"line":17,"column":0},"end":{"line":17,"column":29}}},"fnMap":{"0":{"name":"(anonymous_0)","decl":{"start":{"line":9,"column":20},"end":{"line":9,"column":21}},"loc":{"start":{"line":9,"column":29},"end":{"line":15,"column":1}},"line":9}},"branchMap":{},"s":{"0":1,"1":1,"2":1,"3":1,"4":1,"5":1,"6":1,"7":1},"f":{"0":1},"b":{},"_coverageSchema":"1a1c01bbd47fc00a2c39e90264f33305004495a9","hash":"5f7f4db3f1b1b00ce0ce8b02814b351c58dfce6d"}
}
